[2013-03-02 07:08:25] myapp.INFO: > GET /hoa [] []
[2013-03-02 07:08:25] myapp.INFO: < 200 [] []
[2013-03-02 07:08:44] myapp.INFO: > GET /hoa [] []
[2013-03-02 07:08:44] myapp.INFO: < 200 [] []
[2013-03-02 07:09:12] myapp.INFO: > GET /hoa [] []
[2013-03-02 07:09:12] myapp.INFO: < 200 [] []
[2013-03-02 07:09:14] myapp.INFO: > GET /hoa [] []
[2013-03-02 07:09:14] myapp.INFO: < 200 [] []
[2013-03-02 07:09:29] myapp.INFO: > GET /hoa [] []
[2013-03-02 07:09:51] myapp.INFO: > GET /hoa [] []
[2013-03-02 07:09:51] myapp.INFO: < 200 [] []
[2013-03-02 07:09:53] myapp.INFO: > GET /hoa [] []
[2013-03-02 07:09:53] myapp.INFO: < 200 [] []
[2013-03-02 07:10:46] myapp.INFO: > GET /hoa [] []
[2013-03-02 07:10:46] myapp.INFO: < 200 [] []
[2013-03-02 07:11:57] myapp.INFO: > GET /hoa [] []
[2013-03-02 07:11:57] myapp.INFO: < 200 [] []
[2013-03-02 13:15:24] myapp.ERROR: Symfony\Component\HttpKernel\Exception\NotFoundHttpException: No route found for "GET /hoa" (uncaught exception) at /Users/agutierrez/src/projects/phootstrap/vendor/symfony/http-kernel/Symfony/Component/HttpKernel/EventListener/RouterListener.php line 94 [] []
[2013-03-02 13:15:24] myapp.INFO: < 404 [] []
[2013-03-02 13:15:38] myapp.ERROR: Symfony\Component\HttpKernel\Exception\NotFoundHttpException: No route found for "GET /hoa" (uncaught exception) at /Users/agutierrez/src/projects/phootstrap/vendor/symfony/http-kernel/Symfony/Component/HttpKernel/EventListener/RouterListener.php line 94 [] []
[2013-03-02 13:15:38] myapp.INFO: < 404 [] []
[2013-03-02 13:15:43] myapp.ERROR: Symfony\Component\HttpKernel\Exception\NotFoundHttpException: No route found for "GET /hoa" (uncaught exception) at /Users/agutierrez/src/projects/phootstrap/vendor/symfony/http-kernel/Symfony/Component/HttpKernel/EventListener/RouterListener.php line 94 [] []
[2013-03-02 13:15:43] myapp.INFO: < 404 [] []
[2013-03-02 13:15:45] myapp.ERROR: Symfony\Component\HttpKernel\Exception\NotFoundHttpException: No route found for "GET /h" (uncaught exception) at /Users/agutierrez/src/projects/phootstrap/vendor/symfony/http-kernel/Symfony/Component/HttpKernel/EventListener/RouterListener.php line 94 [] []
[2013-03-02 13:15:45] myapp.INFO: < 404 [] []
[2013-03-02 13:15:47] myapp.INFO: > GET / [] []
[2013-03-02 13:15:48] myapp.INFO: < 200 [] []
